<?xml version="1.0" encoding="UTF-8"?>
<!-- Generated by org.testng.reporters.JUnitReportReporter -->
<testsuite hostname="MacBook-Pro.local" failures="0" tests="3" name="webdriver.Topic_01_Check_Environment" time="0.232" errors="0" timestamp="19 Nov 2022 13:53:00 GMT" skipped="0">
  <testcase classname="webdriver.Topic_01_Check_Environment" name="TC_01_ValidateCurrentUrl" time="0.050"/>
  <testcase classname="webdriver.Topic_01_Check_Environment" name="TC_02_ValidatePageTitle" time="0.016"/>
  <testcase classname="webdriver.Topic_01_Check_Environment" name="TC_03_LoginFormDisplayed" time="0.166"/>
</testsuite> <!-- webdriver.Topic_01_Check_Environment -->
